Using pre-set license
Built from '2022.3/staging' branch; Version is '2022.3.19f1 (244b723c30a6) revision 2378610'; Using compiler version '192829333'; Build Type 'Release'
OS: 'Windows 10  (10.0.19044) 64bit Professional' Language: 'en' Physical Memory: 16239 MB
BatchMode: 1, IsHumanControllingUs: 0, StartBugReporterOnCrash: 0, Is64bit: 1, IsPro: 1

COMMAND LINE ARGUMENTS:
D:\Unity\UNITY\2022.3.19f1\Editor\Unity.exe
-adb2
-batchMode
-noUpm
-name
AssetImportWorker2
-projectPath
D:/Unity/Project/Realm-Rush/Realm Rush
-logFile
Logs/AssetImportWorker2.log
-srvPort
59771
Successfully changed project path to: D:/Unity/Project/Realm-Rush/Realm Rush
D:/Unity/Project/Realm-Rush/Realm Rush
[UnityMemory] Configuration Parameters - Can be set up in boot.config
    "memorysetup-bucket-allocator-granularity=16"
    "memorysetup-bucket-allocator-bucket-count=8"
    "memorysetup-bucket-allocator-block-size=33554432"
    "memorysetup-bucket-allocator-block-count=8"
    "memorysetup-main-allocator-block-size=16777216"
    "memorysetup-thread-allocator-block-size=16777216"
    "memorysetup-gfx-main-allocator-block-size=16777216"
    "memorysetup-gfx-thread-allocator-block-size=16777216"
    "memorysetup-cache-allocator-block-size=4194304"
    "memorysetup-typetree-allocator-block-size=2097152"
    "memorysetup-profiler-bucket-allocator-granularity=16"
    "memorysetup-profiler-bucket-allocator-bucket-count=8"
    "memorysetup-profiler-bucket-allocator-block-size=33554432"
    "memorysetup-profiler-bucket-allocator-block-count=8"
    "memorysetup-profiler-allocator-block-size=16777216"
    "memorysetup-profiler-editor-allocator-block-size=1048576"
    "memorysetup-temp-allocator-size-main=16777216"
    "memorysetup-job-temp-allocator-block-size=2097152"
    "memorysetup-job-temp-allocator-block-size-background=1048576"
    "memorysetup-job-temp-allocator-reduction-small-platforms=262144"
    "memorysetup-allocator-temp-initial-block-size-main=262144"
    "memorysetup-allocator-temp-initial-block-size-worker=262144"
    "memorysetup-temp-allocator-size-background-worker=32768"
    "memorysetup-temp-allocator-size-job-worker=262144"
    "memorysetup-temp-allocator-size-preload-manager=33554432"
    "memorysetup-temp-allocator-size-nav-mesh-worker=65536"
    "memorysetup-temp-allocator-size-audio-worker=65536"
    "memorysetup-temp-allocator-size-cloud-worker=32768"
    "memorysetup-temp-allocator-size-gi-baking-worker=262144"
    "memorysetup-temp-allocator-size-gfx=262144"
Player connection [11428] Host "[IP] 192.168.1.93 [Port] 0 [Flags] 2 [Guid] 3110899468 [EditorId] 3110899468 [Version] 1048832 [Id] WindowsEditor(7,DESKTOP-NGLDV46) [Debug] 1 [PackageName] WindowsEditor [ProjectName] Editor" joined multi-casting on [225.0.0.222:54997]...

Player connection [11428] Host "[IP] 192.168.1.93 [Port] 0 [Flags] 2 [Guid] 3110899468 [EditorId] 3110899468 [Version] 1048832 [Id] WindowsEditor(7,DESKTOP-NGLDV46) [Debug] 1 [PackageName] WindowsEditor [ProjectName] Editor" joined alternative multi-casting on [225.0.0.222:34997]...

[Physics::Module] Initialized MultithreadedJobDispatcher with 11 workers.
Refreshing native plugins compatible for Editor in 4.23 ms, found 3 plugins.
Preloading 0 native plugins for Editor in 0.00 ms.
Initialize engine version: 2022.3.19f1 (244b723c30a6)
[Subsystems] Discovering subsystems at path D:/Unity/UNITY/2022.3.19f1/Editor/Data/Resources/UnitySubsystems
[Subsystems] Discovering subsystems at path D:/Unity/Project/Realm-Rush/Realm Rush/Assets
GfxDevice: creating device client; threaded=0; jobified=0
Direct3D:
    Version:  Direct3D 11.0 [level 11.1]
    Renderer: NVIDIA GeForce GTX 1050 Ti (ID=0x1c82)
    Vendor:   NVIDIA
    VRAM:     4019 MB
    Driver:   31.0.15.1694
Initialize mono
Mono path[0] = 'D:/Unity/UNITY/2022.3.19f1/Editor/Data/Managed'
Mono path[1] = 'D:/Unity/UNITY/2022.3.19f1/Editor/Data/MonoBleedingEdge/lib/mono/unityjit-win32'
Mono config path = 'D:/Unity/UNITY/2022.3.19f1/Editor/Data/MonoBleedingEdge/etc'
Using monoOptions --debugger-agent=transport=dt_socket,embedding=1,server=y,suspend=n,address=127.0.0.1:56636
Begin MonoManager ReloadAssembly
Registering precompiled unity dll's ...
Register platform support module: D:/Unity/UNITY/2022.3.19f1/Editor/Data/PlaybackEngines/WindowsStandaloneSupport/UnityEditor.WindowsStandalone.Extensions.dll
Registered in 0.003249 seconds.
- Loaded All Assemblies, in  0.316 seconds
Native extension for WindowsStandalone target not found
Mono: successfully reloaded assembly
- Finished resetting the current domain, in  0.257 seconds
Domain Reload Profiling: 573ms
	BeginReloadAssembly (93ms)
		ExecutionOrderSort (0ms)
		DisableScriptedObjects (0ms)
		BackupInstance (0ms)
		ReleaseScriptingObjects (0ms)
		CreateAndSetChildDomain (1ms)
	RebuildCommonClasses (34ms)
	RebuildNativeTypeToScriptingClass (9ms)
	initialDomainReloadingComplete (43ms)
	LoadAllAssembliesAndSetupDomain (137ms)
		LoadAssemblies (92ms)
		RebuildTransferFunctionScriptingTraits (0ms)
		AnalyzeDomain (135ms)
			TypeCache.Refresh (133ms)
				TypeCache.ScanAssembly (119ms)
			ScanForSourceGeneratedMonoScriptInfo (0ms)
			ResolveRequiredComponents (0ms)
	FinalizeReload (258ms)
		ReleaseScriptCaches (0ms)
		RebuildScriptCaches (0ms)
		SetupLoadedEditorAssemblies (202ms)
			LogAssemblyErrors (0ms)
			InitializePlatformSupportModulesInManaged (8ms)
			SetLoadedEditorAssemblies (7ms)
			RefreshPlugins (0ms)
			BeforeProcessingInitializeOnLoad (2ms)
			ProcessInitializeOnLoadAttributes (136ms)
			ProcessInitializeOnLoadMethodAttributes (49ms)
			AfterProcessingInitializeOnLoad (0ms)
			EditorAssembliesLoaded (0ms)
		ExecutionOrderSort2 (0ms)
		AwakeInstancesAfterBackupRestoration (0ms)
========================================================================
Worker process is ready to serve import requests
Begin MonoManager ReloadAssembly
- Loaded All Assemblies, in  0.544 seconds
Refreshing native plugins compatible for Editor in 1.45 ms, found 3 plugins.
Native extension for WindowsStandalone target not found
Package Manager log level set to [2]
[Package Manager] Server::EnsureServerProcessIsRunning -- launch failed, reason: Unity was launched with the -noUpm command-line argument
[Package Manager] UpmClient::Send -- Unable to send message (not connected to UPM process).
[Package Manager] Cannot connect to Unity Package Manager local server
Mono: successfully reloaded assembly
- Finished resetting the current domain, in  0.523 seconds
Domain Reload Profiling: 1067ms
	BeginReloadAssembly (135ms)
		ExecutionOrderSort (0ms)
		DisableScriptedObjects (5ms)
		BackupInstance (0ms)
		ReleaseScriptingObjects (0ms)
		CreateAndSetChildDomain (24ms)
	RebuildCommonClasses (32ms)
	RebuildNativeTypeToScriptingClass (9ms)
	initialDomainReloadingComplete (30ms)
	LoadAllAssembliesAndSetupDomain (338ms)
		LoadAssemblies (228ms)
		RebuildTransferFunctionScriptingTraits (0ms)
		AnalyzeDomain (185ms)
			TypeCache.Refresh (168ms)
				TypeCache.ScanAssembly (152ms)
			ScanForSourceGeneratedMonoScriptInfo (12ms)
			ResolveRequiredComponents (3ms)
	FinalizeReload (523ms)
		ReleaseScriptCaches (0ms)
		RebuildScriptCaches (0ms)
		SetupLoadedEditorAssemblies (340ms)
			LogAssemblyErrors (0ms)
			InitializePlatformSupportModulesInManaged (4ms)
			SetLoadedEditorAssemblies (4ms)
			RefreshPlugins (0ms)
			BeforeProcessingInitializeOnLoad (46ms)
			ProcessInitializeOnLoadAttributes (267ms)
			ProcessInitializeOnLoadMethodAttributes (17ms)
			AfterProcessingInitializeOnLoad (2ms)
			EditorAssembliesLoaded (0ms)
		ExecutionOrderSort2 (0ms)
		AwakeInstancesAfterBackupRestoration (5ms)
Launched and connected shader compiler UnityShaderCompiler.exe after 0.03 seconds
Refreshing native plugins compatible for Editor in 1.92 ms, found 3 plugins.
Preloading 0 native plugins for Editor in 0.00 ms.
Unloading 3105 Unused Serialized files (Serialized files now loaded: 0)
Unloading 32 unused Assets / (57.4 KB). Loaded Objects now: 3568.
Memory consumption went from 127.2 MB to 127.1 MB.
Total: 2.778500 ms (FindLiveObjects: 0.279900 ms CreateObjectMapping: 0.149200 ms MarkObjects: 2.244200 ms  DeleteObjects: 0.103900 ms)

AssetImportParameters requested are different than current active one (requested -> active):
  custom:container-demuxer-ogg: 62fdf1f143b41e24485cea50d1cbac27 -> 
  custom:video-decoder-ogg-theora: a1e56fd34408186e4bbccfd4996cb3dc -> 
  custom:framework-win-MediaFoundation: 216162199b28c13a410421893ffa2e32 -> 
  custom:CustomObjectIndexerAttribute: 6d391050e5a25f67b0a2c618074f2cd9 -> 
  custom:container-demuxer-webm: 4f35f7cbe854078d1ac9338744f61a02 -> 
  custom:container-muxer-webm: aa71ff27fc2769a1b78a27578f13a17b -> 
  custom:video-decoder-webm-vp8: 9c59270c3fd7afecdb556c50c9e8de78 -> 
  custom:SearchIndexIgnoredProperties: e643bd26f0fe6173181afceb89e7c659 -> 
  custom:AudioImporter_EditorPlatform: d09bf68614088b80899f8185d706f6e7 -> 
  custom:video-encoder-webm-vp8: eb34c28f22e8b96e1ab97ce403110664 -> 
  custom:audio-decoder-ogg-vorbis: bf7c407c2cedff20999df2af8eb42d56 -> 
  custom:audio-encoder-webm-vorbis: bf7c407c2cedff20999df2af8eb42d56 -> 
========================================================================
Received Import Request.
  Time since last request: 233045.652068 seconds.
  path: Assets/Models/DAE format/tile_dirt.dae
  artifactKey: Guid(945091f5de1695d4db385e724b376a27) Importer(815301076,1909f56bfc062723c751e8b465ee728b)
Start importing Assets/Models/DAE format/tile_dirt.dae using Guid(945091f5de1695d4db385e724b376a27) Importer(815301076,1909f56bfc062723c751e8b465ee728b)  -> (artifact id: '413dde85bffec2650e4c65b9c4aa4b8b') in 0.202520 seconds
Number of updated asset objects reloaded before import = 0
Number of asset objects unloaded after import = 8
========================================================================
Received Import Request.
  Time since last request: 0.000032 seconds.
  path: Assets/Models/DAE format/tile_riverCorner.dae
  artifactKey: Guid(d50bf05afe50aff488c90f4d5351cb5d) Importer(815301076,1909f56bfc062723c751e8b465ee728b)
Start importing Assets/Models/DAE format/tile_riverCorner.dae using Guid(d50bf05afe50aff488c90f4d5351cb5d) Importer(815301076,1909f56bfc062723c751e8b465ee728b)  -> (artifact id: '95f7000dce718fad941e8e1e534d5628') in 0.025267 seconds
Number of updated asset objects reloaded before import = 0
Number of asset objects unloaded after import = 10
========================================================================
Received Import Request.
  Time since last request: 0.000016 seconds.
  path: Assets/Models/DAE format/tile_spawn.dae
  artifactKey: Guid(2f28a2976f70e3e44b6fff79126db607) Importer(815301076,1909f56bfc062723c751e8b465ee728b)
Start importing Assets/Models/DAE format/tile_spawn.dae using Guid(2f28a2976f70e3e44b6fff79126db607) Importer(815301076,1909f56bfc062723c751e8b465ee728b)  -> (artifact id: 'b496182ea57ee42fc8725c9462be6e8e') in 0.028567 seconds
Number of updated asset objects reloaded before import = 0
Number of asset objects unloaded after import = 12
========================================================================
Received Import Request.
  Time since last request: 0.000015 seconds.
  path: Assets/Models/DAE format/tile_riverStraight.dae
  artifactKey: Guid(d26513097fa6981488307c9ac6eaa114) Importer(815301076,1909f56bfc062723c751e8b465ee728b)
Start importing Assets/Models/DAE format/tile_riverStraight.dae using Guid(d26513097fa6981488307c9ac6eaa114) Importer(815301076,1909f56bfc062723c751e8b465ee728b)  -> (artifact id: '8b9df7ebcf5ae9048b8f5d121ad9b0e0') in 0.022820 seconds
Number of updated asset objects reloaded before import = 0
Number of asset objects unloaded after import = 10
========================================================================
Received Import Request.
  Time since last request: 0.000020 seconds.
  path: Assets/Models/DAE format/tile_cornerLarge.dae
  artifactKey: Guid(04032f91d2939fc4aadbd6571ce128eb) Importer(815301076,1909f56bfc062723c751e8b465ee728b)
Start importing Assets/Models/DAE format/tile_cornerLarge.dae using Guid(04032f91d2939fc4aadbd6571ce128eb) Importer(815301076,1909f56bfc062723c751e8b465ee728b)  -> (artifact id: 'e1d3bcb465dee1ba03e286dab6fa487a') in 0.030196 seconds
Number of updated asset objects reloaded before import = 0
Number of asset objects unloaded after import = 11
========================================================================
Received Import Request.
  Time since last request: 0.000019 seconds.
  path: Assets/Models/DAE format/tile_cornerSquare.dae
  artifactKey: Guid(49c6d527a1f2fba4f92ae4c2f05762a4) Importer(815301076,1909f56bfc062723c751e8b465ee728b)
Start importing Assets/Models/DAE format/tile_cornerSquare.dae using Guid(49c6d527a1f2fba4f92ae4c2f05762a4) Importer(815301076,1909f56bfc062723c751e8b465ee728b)  -> (artifact id: '29b84dfe2ea238950852cda363e6d831') in 0.024056 seconds
Number of updated asset objects reloaded before import = 0
Number of asset objects unloaded after import = 10
========================================================================
Received Import Request.
  Time since last request: 0.000017 seconds.
  path: Assets/Models/DAE format/tile_endRoundSpawn.dae
  artifactKey: Guid(cc645be17525335489a8c5c780fd9fa2) Importer(815301076,1909f56bfc062723c751e8b465ee728b)
Start importing Assets/Models/DAE format/tile_endRoundSpawn.dae using Guid(cc645be17525335489a8c5c780fd9fa2) Importer(815301076,1909f56bfc062723c751e8b465ee728b)  -> (artifact id: '8b731a39ce989d3ce1adbad2a21301ff') in 0.033053 seconds
Number of updated asset objects reloaded before import = 0
Number of asset objects unloaded after import = 12
========================================================================
Received Import Request.
  Time since last request: 0.000019 seconds.
  path: Assets/Models/DAE format/tile_riverSlopeLarge.dae
  artifactKey: Guid(5ac177bf4f5d5fb46bec53213cec06d6) Importer(815301076,1909f56bfc062723c751e8b465ee728b)
Start importing Assets/Models/DAE format/tile_riverSlopeLarge.dae using Guid(5ac177bf4f5d5fb46bec53213cec06d6) Importer(815301076,1909f56bfc062723c751e8b465ee728b)  -> (artifact id: '992e7bf019020b1704c49eb5151431cd') in 0.029645 seconds
Number of updated asset objects reloaded before import = 0
Number of asset objects unloaded after import = 11
========================================================================
Received Import Request.
  Time since last request: 0.000018 seconds.
  path: Assets/Models/DAE format/tile_slope.dae
  artifactKey: Guid(f41bcf9dbbeb6fb47906b459e9e79b72) Importer(815301076,1909f56bfc062723c751e8b465ee728b)
Start importing Assets/Models/DAE format/tile_slope.dae using Guid(f41bcf9dbbeb6fb47906b459e9e79b72) Importer(815301076,1909f56bfc062723c751e8b465ee728b)  -> (artifact id: '5b4f771a8be3b831fa7e04e44cee846f') in 0.020746 seconds
Number of updated asset objects reloaded before import = 0
Number of asset objects unloaded after import = 9
========================================================================
Received Prepare
Begin MonoManager ReloadAssembly
- Loaded All Assemblies, in  0.340 seconds
Refreshing native plugins compatible for Editor in 1.64 ms, found 3 plugins.
Native extension for WindowsStandalone target not found
[Package Manager] Server::EnsureServerProcessIsRunning -- launch failed, reason: Unity was launched with the -noUpm command-line argument
[Package Manager] UpmClient::Send -- Unable to send message (not connected to UPM process).
[Package Manager] Cannot connect to Unity Package Manager local server
Mono: successfully reloaded assembly
- Finished resetting the current domain, in  0.653 seconds
Domain Reload Profiling: 992ms
	BeginReloadAssembly (138ms)
		ExecutionOrderSort (0ms)
		DisableScriptedObjects (9ms)
		BackupInstance (0ms)
		ReleaseScriptingObjects (0ms)
		CreateAndSetChildDomain (29ms)
	RebuildCommonClasses (29ms)
	RebuildNativeTypeToScriptingClass (9ms)
	initialDomainReloadingComplete (19ms)
	LoadAllAssembliesAndSetupDomain (144ms)
		LoadAssemblies (205ms)
		RebuildTransferFunctionScriptingTraits (0ms)
		AnalyzeDomain (10ms)
			TypeCache.Refresh (5ms)
				TypeCache.ScanAssembly (0ms)
			ScanForSourceGeneratedMonoScriptInfo (0ms)
			ResolveRequiredComponents (4ms)
	FinalizeReload (654ms)
		ReleaseScriptCaches (0ms)
		RebuildScriptCaches (0ms)
		SetupLoadedEditorAssemblies (368ms)
			LogAssemblyErrors (0ms)
			InitializePlatformSupportModulesInManaged (4ms)
			SetLoadedEditorAssemblies (4ms)
			RefreshPlugins (0ms)
			BeforeProcessingInitializeOnLoad (50ms)
			ProcessInitializeOnLoadAttributes (287ms)
			ProcessInitializeOnLoadMethodAttributes (22ms)
			AfterProcessingInitializeOnLoad (2ms)
			EditorAssembliesLoaded (0ms)
		ExecutionOrderSort2 (0ms)
		AwakeInstancesAfterBackupRestoration (6ms)
Refreshing native plugins compatible for Editor in 1.82 ms, found 3 plugins.
Preloading 0 native plugins for Editor in 0.00 ms.
Unloading 3084 Unused Serialized files (Serialized files now loaded: 0)
Unloading 23 unused Assets / (31.1 KB). Loaded Objects now: 3615.
Memory consumption went from 129.6 MB to 129.6 MB.
Total: 2.394100 ms (FindLiveObjects: 0.220600 ms CreateObjectMapping: 0.115300 ms MarkObjects: 1.993300 ms  DeleteObjects: 0.063900 ms)

Prepare: number of updated asset objects reloaded= 0
AssetImportParameters requested are different than current active one (requested -> active):
  custom:container-demuxer-ogg: 62fdf1f143b41e24485cea50d1cbac27 -> 
  custom:video-decoder-ogg-theora: a1e56fd34408186e4bbccfd4996cb3dc -> 
  custom:framework-win-MediaFoundation: 216162199b28c13a410421893ffa2e32 -> 
  custom:CustomObjectIndexerAttribute: 6d391050e5a25f67b0a2c618074f2cd9 -> 
  custom:container-demuxer-webm: 4f35f7cbe854078d1ac9338744f61a02 -> 
  custom:container-muxer-webm: aa71ff27fc2769a1b78a27578f13a17b -> 
  custom:video-decoder-webm-vp8: 9c59270c3fd7afecdb556c50c9e8de78 -> 
  custom:SearchIndexIgnoredProperties: e643bd26f0fe6173181afceb89e7c659 -> 
  custom:AudioImporter_EditorPlatform: d09bf68614088b80899f8185d706f6e7 -> 
  custom:video-encoder-webm-vp8: eb34c28f22e8b96e1ab97ce403110664 -> 
  custom:audio-decoder-ogg-vorbis: bf7c407c2cedff20999df2af8eb42d56 -> 
  custom:audio-encoder-webm-vorbis: bf7c407c2cedff20999df2af8eb42d56 -> 
========================================================================
Received Import Request.
  Time since last request: 96.339141 seconds.
  path: Assets/Material/FetteNationalFraktur.ttf
  artifactKey: Guid(66914335b640e98458396564125184ca) Importer(815301076,1909f56bfc062723c751e8b465ee728b)
Start importing Assets/Material/FetteNationalFraktur.ttf using Guid(66914335b640e98458396564125184ca) Importer(815301076,1909f56bfc062723c751e8b465ee728b)  -> (artifact id: '4aca9a336ab47a4560600b1468de4670') in 0.083119 seconds
Number of updated asset objects reloaded before import = 0
Number of asset objects unloaded after import = 4
========================================================================
Received Import Request.
  Time since last request: 7.715997 seconds.
  path: Assets/latest.jpg
  artifactKey: Guid(e903d276fe5dd534cb9d7a42a4be524f) Importer(815301076,1909f56bfc062723c751e8b465ee728b)
Start importing Assets/latest.jpg using Guid(e903d276fe5dd534cb9d7a42a4be524f) Importer(815301076,1909f56bfc062723c751e8b465ee728b)  -> (artifact id: '5c1e4719e45a90b72718314a7da3fe10') in 0.024364 seconds
Number of updated asset objects reloaded before import = 0
Number of asset objects unloaded after import = 2
========================================================================
Received Import Request.
  Time since last request: 262.848044 seconds.
  path: Assets/Prefabs/BowTower.prefab
  artifactKey: Guid(299352d35d6cfb2498b4859c34aa38d3) Importer(815301076,1909f56bfc062723c751e8b465ee728b)
Start importing Assets/Prefabs/BowTower.prefab using Guid(299352d35d6cfb2498b4859c34aa38d3) Importer(815301076,1909f56bfc062723c751e8b465ee728b)  -> (artifact id: 'da7823199cce6768d2952d7c8bf98fb6') in 0.046851 seconds
Number of updated asset objects reloaded before import = 0
Number of asset objects unloaded after import = 46
========================================================================
Received Import Request.
  Time since last request: 2.056839 seconds.
  path: Assets/Scripts/Enemy.cs
  artifactKey: Guid(7da8daa3f025f9743b88e8a2f5bf7125) Importer(815301076,1909f56bfc062723c751e8b465ee728b)
Start importing Assets/Scripts/Enemy.cs using Guid(7da8daa3f025f9743b88e8a2f5bf7125) Importer(815301076,1909f56bfc062723c751e8b465ee728b)  -> (artifact id: '73e86a165a8e4870cfa3289dd130960a') in 0.000451 seconds
Number of updated asset objects reloaded before import = 0
Number of asset objects unloaded after import = 0
